paup> svdq evalq=all taxpartition=species bootstrap nreps=100 loci=loci nthreads=16 treeFile='svdq_boot.tre';

Analysis using SVDQuartets method

  Number of taxa (lineages) in the analysis = 76
  Tips assigned to species using taxon partition 'species'
  Quartet sampling = exhaustive (1148070 quartets)
  Doing standard bootstrap analysis
    Initial bootstrap seed = generated automatically
    Number of bootstrap replicates = 100
  Tree model = multispecies coalescent (expected rank of flattening matrix for true tree = 10)
  Using 16 parallel threads on 24 processors
  Tree search:
    Quartet assembly algorithm = QFM
    Local search = none
  Writing trees for bootstrap replicates to file: svdq_boot.tre

Getting SVD scores for all quartets...
[##################################################] 100.0% 

Assembling quartets...
[##################################################] 100.0% 

Quartet assembly completed:
  Total weight of incompatible quartets = 33290.5000 (3.059%)
  Total weight of compatible quartets   = 1055139.5000 (96.941%)
  Time used for QFM = 0.12 sec (CPU time = 1.43 sec)

Tree from SVDQuartets analysis (also stored to tree buffer):

                                                                                                                   /-------- A atrifusca
                                                                     /---------------------------------------------+
                                                                     |                                             \-------- A corvina
                                                                     |
                                                                     |       /---------------------------------------------- A cinerascens
                                                              /------+       |
                                                              |      |       |                              /--------------- A tabuensis brevirostris
                                                              |      |       |                              |
                                                              |      |       |       /----------------------+      /-------- A tabuensis manuae
                                                              |      \-------+       |                      \------+
                                                              |              |       |                             \-------- A tabuensis tutuilae
                                                              |              |       |
                                                              |              |       |              /----------------------- A tabuensis brunnescens
                                                              |              \-------+              |
                                                              |                      |      /-------+              /-------- A tabuensis pachyrhampha
                                                              |                      |      |       |       /------+
                                                              |                      |      |       |       |      \-------- A tabuensis tucopiae
                                                              |                      |      |       \-------+
                                                              |                      |      |               \--------------- A tabuensis rotumae
                                                      /-------+                      \------+
                                                      |       |                             |               /--------------- A tabuensis fortunae
                                                      |       |                             |               |
                                                      |       |                             |       /-------+      /-------- A tabuensis tabuensis
                                                      |       |                             |       |       \------+
                                                      |       |                             \-------+              \-------- A tabuensis vitiensis
                                                      |       |                                     |
                                                      |       |                                     |              /-------- A tabuensis nesiotes
                                                      |       |                                     \--------------+
                                                      |       |                                                    \-------- A tabuensis tenebrosus
                                                      |       |
                                                      |       |                                     /----------------------- A santovestris
                                              /-------+       |                                     |
                                              |       |       \-------------------------------------+              /-------- A zelandica maxwelli
                                              |       |                                             |       /------+
                                              |       |                                             |       |      \-------- A zelandica zelandica
                                              |       |                                             \-------+
                                              |       |                                                     \--------------- A zelandica rufipennis
                                              |       |
                                              |       |                                                            /-------- A fusca fusca
                                              |       |                                                     /------+
                                              |       |                                                     |      \-------- A fusca hulliana
                                              |       |                                             /-------+
                                      /-------+       |                                             |       \--------------- A striata striata
                                      |       |       \---------------------------------------------+
                                      |       |                                                     |              /-------- A insularis
                                      |       |                                                     \--------------+
                                      |       |                                                                    \-------- A striata atronitens
                                      |       |
                                      |       |                                                     /----------------------- A dichroa
                                      |       |                                                     |
                                      |       |                                             /-------+              /-------- A grandis grandis
                                      |       |                                             |       |       /------+
                                      |       |                                             |       |       |      \-------- A grandis macrura
                                      |       \---------------------------------------------+       \-------+
                               /------+                                                     |               \--------------- A grandis malaitae
                               |      |                                                     |
                               |      |                                                     \------------------------------- A pelzelni
                               |      |
                               |      |                                                     /------------------------------- A brunneicapillus
                               |      |                                                     |
                               |      |                                                     |                      /-------- A metallica circumscripta
                               |      |                                              /------+               /------+
                               |      |                                              |      |               |      \-------- A metallica inornata
                               |      |                                              |      |       /-------+
                               |      |                                              |      |       |       \--------------- A metallica purpureiceps
                               |      |                                              |      \-------+
                               |      \----------------------------------------------+              |              /-------- A metallica metallica
                               |                                                     |              \--------------+
                               |                                                     |                             \-------- A metallica nitida
                               |                                                     |
                               |                                                     \-------------------------------------- A mystacea
                               |
                               |                                             /---------------------------------------------- A cantoroides
                               |                                             |
                               |                                             |                                     /-------- A feadensis feadensis
                               |                                             |       /-----------------------------+
                       /-------+                                     /-------+       |                             \-------- A feadensis heureka
                       |       |                                     |       |       |
                       |       |                                     |       |       |              /----------------------- A opaca aenae
                       |       |                                     |       |       |              |
                       |       |                                     |       \-------+              |              /-------- A opaca anga
                       |       |                                     |               |      /-------+       /------+
                       |       |                                     |               |      |       |       |      \-------- A opaca kurodai
                       |       |                                     |               |      |       \-------+
                       |       |                              /------+               \------+               |      /-------- A opaca opaca
                       |       |                              |      |                      |               \------+
                       |       |                              |      |                      |                      \-------- A opaca ponapensis
                       |       |                              |      |                      |
                       |       |                              |      |                      \------------------------------- A opaca orii
                       |       |                              |      |
                       |       |                              |      |                              /----------------------- A crassa
                       |       |                              |      |                              |
                       |       |                              |      |                              |              /-------- A magna brevicauda
                       |       |                              |      \------------------------------+       /------+
                       |       |                              |                                     |       |      \-------- A magna magna
                       |       |                              |                                     \-------+
                       |       |                              |                                             |      /-------- A mysolensis foresteni
                       |       |                              |                                             \------+
                       |       |                              |                                                    \-------- A mysolensis mysolensis
                       |       \------------------------------+
                       |                                      |                                                    /-------- A minor minor
               /-------+                                      |                                             /------+
               |       |                                      |                                             |      \-------- A minor todayensis
               |       |                                      |                             /---------------+
               |       |                                      |                             |               \--------------- A minor montosa
               |       |                                      |                             |
               |       |                                      |                             |               /--------------- A panayensis alipodis
               |       |                                      |                      /------+               |
               |       |                                      |                      |      |       /-------+      /-------- A panayensis panayensis
               |       |                                      |                      |      |       |       \------+
               |       |                                      |                      |      |       |              \-------- A panayensis sanghirensis
               |       |                                      |                      |      \-------+
               |       |                                      |                      |              |       /--------------- A panayensis eustathis
               |       |                                      |                      |              |       |
               |       |                                      \----------------------+              \-------+      /-------- A panayensis heterochlora
        /------+       |                                                             |                      \------+
        |      |       |                                                             |                             \-------- A panayensis strigata
        |      |       |                                                             |
        |      |       |                                                             |                             /-------- A panayensis altirostris
        |      |       |                                                             |                      /------+
        |      |       |                                                             |                      |      \-------- A panayensis pachistorhina
        |      |       |                                                             \----------------------+
        |      |       |                                                                                    \--------------- A panayensis enganensis
        |      |       |
        |      |       |                                                                                    /--------------- A panayensis albiris
        |      |       |                                                                                    |
        |      |       \------------------------------------------------------------------------------------+      /-------- A panayensis leptorhyncha
/-------+      |                                                                                            \------+
|       |      |                                                                                                   \-------- A panayensis tytleri
|       |      |
|       |      \------------------------------------------------------------------------------------------------------------ Scissirostrum dubium
|       |
|       |                                                                                   /------------------------------- Ampeliceps coronatus
|       |                                                                                   |
|       |                                                                                   |               /--------------- Basilornis celebensis
|       |                                                                            /------+               |
|       |                                                                            |      |       /-------+      /-------- Basilornis miranda
|       |                                                                            |      |       |       \------+
|       \----------------------------------------------------------------------------+      \-------+              \-------- Sarcops calvus
|                                                                                    |              |
|                                                                                    |              \----------------------- Mino krefti
|                                                                                    |
|                                                                                    \-------------------------------------- Gracula religiosa
|
\--------------------------------------------------------------------------------------------------------------------------- Rhabdornis mystacalis

Bootstrapping (SVDQuartets)...
[##################################################] 100.0% 

Bootstrap 50% majority-rule consensus tree
   (plus other groups compatible with this tree)

                                                                                                                /------- A atrifusca(1)
                                                               /-----------------------97-----------------------+
                                                               |                                                \------- A corvina(5)
                                                               |
                                                               |      /------------------------------------------------- A cinerascens(4)
                                                        /--85--+      |
                                                        |      |      |                                  /-------------- A tabuensis brevirostris(51)
                                                        |      |      |                                  |
                                                        |      \-100--+      /------------100------------+      /------- A tabuensis manuae(54)
                                                        |             |      |                           \-100--+
                                                        |             |      |                                  \------- A tabuensis tutuilae(61)
                                                        |             |      |
                                                        |             \--93--+      /----------------------------------- A tabuensis brunnescens(52)
                                                        |                    |      |
                                                        |                    |      |                    /-------------- A tabuensis fortunae(53)
                                                        |                    |      |                    |
                                                        |                    |      |             /--57--+      /------- A tabuensis tabuensis(58)
                                                        |                    \-100--+             |      \--60--+
                                                 /--69--+                           |      /--99--+             \------- A tabuensis vitiensis(62)
                                                 |      |                           |      |      |
                                                 |      |                           |      |      |             /------- A tabuensis nesiotes(55)
                                                 |      |                           |      |      \-----100-----+
                                                 |      |                           \--62--+                    \------- A tabuensis tenebrosus(59)
                                                 |      |                                  |
                                                 |      |                                  |                    /------- A tabuensis pachyrhampha(56)
                                                 |      |                                  |             /--57--+
                                                 |      |                                  |             |      \------- A tabuensis tucopiae(60)
                                                 |      |                                  \-----100-----+
                                                 |      |                                                \-------------- A tabuensis rotumae(57)
                                                 |      |
                                                 |      |                                         /--------------------- A santovestris(48)
                                          /-100--+      |                                         |
                                          |      |      \-------------------83--------------------+             /------- A zelandica maxwelli(63)
                                          |      |                                                |      /-100--+
                                          |      |                                                |      |      \------- A zelandica zelandica(65)
                                          |      |                                                \-100--+
                                          |      |                                                       \-------------- A zelandica rufipennis(64)
                                          |      |
                                          |      |                                                              /------- A fusca fusca(10)
                                          |      |                                                       /-100--+
                                          |      |                                                       |      \------- A fusca hulliana(11)
                                          |      |                                                /-100--+
                                   /--99--+      |                                                |      \-------------- A striata striata(50)
                                   |      |      \----------------------100-----------------------+
                                   |      |                                                       |             /------- A insularis(15)
                                   |      |                                                       \-----100-----+
                                   |      |                                                                     \------- A striata atronitens(49)
                                   |      |
                                   |      |                                                       /--------------------- A dichroa(7)
                                   |      |                                                       |
                                   |      |                                                /--95--+             /------- A grandis grandis(12)
                                   |      |                                                |      |      /-100--+
                                   |      |                                                |      |      |      \------- A grandis macrura(13)
                                   |      \----------------------100-----------------------+      \-100--+
                            /--99--+                                                       |             \-------------- A grandis malaitae(14)
                            |      |                                                       |
                            |      |                                                       \---------------------------- A pelzelni(47)
                            |      |
                            |      |                                                       /---------------------------- A brunneicapillus(2)
                            |      |                                                       |
                            |      |                                                       |                    /------- A metallica circumscripta(18)
                            |      |                                                /-100--+             /--77--+
                            |      |                                                |      |             |      \------- A metallica inornata(19)
                            |      |                                                |      |      /--75--+
                            |      |                                                |      |      |      \-------------- A metallica purpureiceps(22)
                            |      |                                                |      \-100--+
                            |      \----------------------100-----------------------+             |             /------- A metallica metallica(20)
                            |                                                       |             \-----100-----+
                            |                                                       |                           \------- A metallica nitida(21)
                            |                                                       |
                            |                                                       \----------------------------------- A mystacea(28)
                            |
                            |                                                /------------------------------------------ A cantoroides(3)
                            |                                                |
                            |                                                |                                  /------- A feadensis feadensis(8)
                            |                                                |      /------------100------------+
                     /--98--+                                         /-100--+      |                           \------- A feadensis heureka(9)
                     |      |                                         |      |      |
                     |      |                                         |      |      |             /--------------------- A opaca aenae(29)
                     |      |                                         |      |      |             |
                     |      |                                         |      \-100--+             |             /------- A opaca anga(30)
                     |      |                                         |             |      /--72--+      /--77--+
                     |      |                                         |             |      |      |      |      \------- A opaca kurodai(31)
                     |      |                                         |             |      |      \--64--+
                     |      |                                  /-100--+             \-100--+             |      /------- A opaca opaca(32)
                     |      |                                  |      |                    |             \--61--+
                     |      |                                  |      |                    |                    \------- A opaca ponapensis(34)
                     |      |                                  |      |                    |
                     |      |                                  |      |                    \---------------------------- A opaca orii(33)
                     |      |                                  |      |
                     |      |                                  |      |                           /--------------------- A crassa(6)
                     |      |                                  |      |                           |
                     |      |                                  |      |                           |             /------- A magna brevicauda(16)
                     |      |                                  |      \------------99-------------+      /-100--+
                     |      |                                  |                                  |      |      \------- A magna magna(17)
                     |      |                                  |                                  \-100--+
                     |      |                                  |                                         |      /------- A mysolensis foresteni(26)
                     |      |                                  |                                         \-100--+
                     |      |                                  |                                                \------- A mysolensis mysolensis(27)
                     |      \---------------100----------------+
                     |                                         |                                                /------- A minor minor(23)
              /-100--+                                         |                                         /--86--+
              |      |                                         |                                         |      \------- A minor todayensis(25)
              |      |                                         |                           /-----100-----+
              |      |                                         |                           |             \-------------- A minor montosa(24)
              |      |                                         |                           |
              |      |                                         |                           |             /-------------- A panayensis alipodis(36)
              |      |                                         |                    /--97--+             |
              |      |                                         |                    |      |      /-100--+      /------- A panayensis panayensis(43)
              |      |                                         |                    |      |      |      \--86--+
              |      |                                         |                    |      |      |             \------- A panayensis sanghirensis(44)
              |      |                                         |                    |      \-100--+
              |      |                                         |                    |             |      /-------------- A panayensis eustathis(39)
              |      |                                         |                    |             |      |
              |      |                                         \--------100---------+             \-100--+      /------- A panayensis heterochlora(40)
       /-100--+      |                                                              |                    \--94--+
       |      |      |                                                              |                           \------- A panayensis strigata(45)
       |      |      |                                                              |
       |      |      |                                                              |                           /------- A panayensis altirostris(37)
       |      |      |                                                              |                    /-100--+
       |      |      |                                                              |                    |      \------- A panayensis pachistorhina(42)
       |      |      |                                                              \---------98---------+
       |      |      |                                                                                   \-------------- A panayensis enganensis(38)
       |      |      |
       |      |      |                                                                                   /-------------- A panayensis albiris(35)
       |      |      |                                                                                   |
       |      |      \----------------------------------------75-----------------------------------------+      /------- A panayensis leptorhyncha(41)
/------+      |                                                                                          \--67--+
|      |      |                                                                                                 \------- A panayensis tytleri(46)
|      |      |
|      |      \--------------------------------------------------------------------------------------------------------- Scissirostrum dubium(73)
|      |
|      |                                                                                   /---------------------------- Ampeliceps coronatus(66)
|      |                                                                                   |
|      |                                                                                   |             /-------------- Basilornis celebensis(67)
|      |                                                                            /--76--+             |
|      |                                                                            |      |      /--84--+      /------- Basilornis miranda(68)
|      |                                                                            |      |      |      \-100--+
|      \------------------------------------100-------------------------------------+      \-100--+             \------- Sarcops calvus(72)
|                                                                                   |             |
|                                                                                   |             \--------------------- Mino krefti(70)
|                                                                                   |
|                                                                                   \----------------------------------- Gracula religiosa(69)
|
\----------------------------------------------------------------------------------------------------------------------- Rhabdornis mystacalis(71)

Bipartitions found in one or more trees and frequency of occurrence (bootstrap support values):

         1111111111222222222233333333334444444444555555555566666666667777
1234567890123456789012345678901234567890123456789012345678901234567890123          Freq
---------------------------------------------------------------------------------------
..............................................................*.*........           100
..............................................................***........           100
.......................................................**..*.............           100
......................................................*...*..............           100
...................................................**.******.*...........           100
.....................................................*......*............           100
..................................................*..*......*............           100
...*..............................................************...........           100
..............*.................................*........................           100
.........**..............................................................           100
.........**......................................*.......................           100
.........**...*.................................**.......................           100
...........**............................................................           100
...........***...........................................................           100
......*....***................................*..........................           100
...................................................................*...*.           100
..................................................................**.*.*.           100
.................................................................*****.*.           100
.................................................................*******.           100
.................................................................********           100
....................................*....*...............................           100
......................................**....*............................           100
...................................*......**.............................           100
...................................*..**..***............................           100
......................***................................................           100
......................***..........*****.****............................           100
.........................**..............................................           100
...............**........................................................           100
...............**........**..............................................           100
............................******.......................................           100
.......**................................................................           100
.......**...................******.......................................           100
..*....**...................******.......................................           100
..*..*.**......**........**.******.......................................           100
..*..*.**......**.....*****.******.*****.****............................           100
...................**....................................................           100
.................*****...................................................           100
.*...............*****...................................................           100
.*...............*****.....*.............................................           100
.**..****..***.********************************..................********           100
....................................................*.*..**..*...........            99
.....*.........**........**..............................................            99
..*..*.**......**.....*****.******************...................********            99
.**..*.**......*******************************...................********            99
..................................*.....*....*...................********            98
....................................**...*...............................            98
......................***..........*..**..***............................            97
.***.********************************************************************            97
......*....***...........................................................            95
.......................................*....*............................            94
..................................................************...........            93
..........................................**.............................            86
......................*.*................................................            86
.**..*********************************************............***********            85
..................................................................**...*.            84
...............................................*..............***........            83
.............................**..........................................            77
.................**......................................................            77
.................................................................***.*.*.            76
..................................*.....*....*...........................            75
.................**..*...................................................            75
............................****.*.......................................            72
.**..******************************************.**...............********            69
........................................*....*...........................            67
.............................***.*.......................................            64
....................................................*.******.*...........            62
...............................*.*.......................................            61
.........................................................*...*...........            60
.......................................................*...*.............            57
....................................................*....*...*...........            57
...................................................*...**..*.............            34
.............................**..*.......................................            33
..................................*..........*...........................            30
....................................................*........*...........            28
............................*...*........................................            25
............................*..*.*.......................................            24
.................................................................*..*....            24
..................................*..........*...................********            24
.......................................................**................            22
........................................................*..*.............            21
..................***....................................................            19
....................................................*.*...*..*...........            18
.**..****..***.*********************************.................********            17
.**..*********************************************...............********            17
..............................*..*.......................................            17
....................................................*.*...*..............            15
.......................**................................................            14
.**..****..***.*********************************..............***********            14
.................*...*...................................................            14
...................................................................*.*.*.            10
......................................................*..**..*...........            10
......................................................*...*..*...........            10
............................*..*.........................................             9
.................****....................................................             9
...................................*.......*.............................             8
.***.******************************************.**************...********             7
...*...............................................**.******.*...........             7
..............................**.*.......................................             7
.***.*********************************************************...********             6
..................................................................*..*...             6
......................................*.....*............................             6
...................................*......*..............................             6
......*.......................................*..........................             5

25 groups at (relative) frequency less than 5% not shown

Bootstrap consensus tree stored to tree buffer (replacing previously stored tree)

Trees from bootstrap replicates written to treefile: ~/Dropbox/__WORK/1.Manuscripts/Aplonis-Ethan/SVDQUARTETS/aplonis/svdq_boot.tre

Time used for SVDQuartet analysis = 05:06:28 (CPU time = 81:36:31.6)

paup> SaveTrees file=svdq.tre root supportValues=nodeLabels maxDecimals=2;

Saving trees...
[##################################################] 100.0% 

1 tree saved to file "~/Dropbox/__WORK/1.Manuscripts/Aplonis-Ethan/SVDQUARTETS/aplonis/svdq.tre"

